[2023-04-13 00:00:47] INFO root fetch - main [MainThread]: Get Changelog since Serial: [17682444]
[2023-04-13 00:00:52] INFO root fetch - main [MainThread]: Found 16 changed packages
[2023-04-13 00:00:52] INFO root fetch - processPackages [ThreadPoolExecutor-0_0]: Start processing: airbyte-cdk
[2023-04-13 00:00:52] INFO root fetch - processPackages [ThreadPoolExecutor-0_1]: Start processing: botocore
[2023-04-13 00:00:52] INFO root fetch - processPackages [ThreadPoolExecutor-0_2]: Start processing: awscli
[2023-04-13 00:00:52] INFO root fetch - processPackages [ThreadPoolExecutor-0_3]: Start processing: boto3
[2023-04-13 00:00:52] INFO root fetch - processPackages [ThreadPoolExecutor-0_4]: Start processing: pytryfi
[2023-04-13 00:00:52] INFO root fetch - processPackages [pytryfi]: New version: [0.0.9] Old Version: [0.0.8]
[2023-04-13 00:00:52] INFO root fetch - processPackages [airbyte-cdk]: New version: [0.9.5] Old Version: [0.9.4]
[2023-04-13 00:00:52] INFO root fetch - processPackages [awscli]: New version: [1.9.9] Old Version: [1.9.8]
[2023-04-13 00:00:52] INFO root fetch - processPackages [botocore]: New version: [1.9.9] Old Version: [1.9.8]
[2023-04-13 00:00:52] INFO root fetch - processPackages [boto3]: New version: [1.9.99] Old Version: [1.9.98]
[2023-04-13 00:00:52] INFO root fetch - processPackages [airbyte-cdk]: Downloading https://files.pythonhosted.org/packages/a6/6c/5db8c1f4ef1f82d0d51a3df308363222107d0773276235a4acbc31f7f8dc/airbyte-cdk-0.9.4.tar.gz
[2023-04-13 00:00:52] INFO root fetch - processPackages [pytryfi]: Downloading https://files.pythonhosted.org/packages/cd/4f/21afd6d3cc32236b0fce85f69415b93ba541f6ecdad54678e1adc00eae0f/pytryfi-0.0.8-py3-none-any.whl
[2023-04-13 00:00:52] INFO root fetch - processPackages [boto3]: executing diffoscope
[2023-04-13 00:00:52] INFO root fetch - processPackages [boto3]: podman run --user 0:0 --rm -w /home/abi/fetcher -v /home/abi/fetcher/tmp:/home/abi/fetcher/tmp:ro -v /home/abi/fetcher/20230413:/home/abi/fetcher/20230413:rw registry.salsa.debian.org/reproducible-builds/diffoscope --no-progress tmp/boto3-1.9.98.tar.gz tmp/boto3-1.9.99.tar.gz --markdown 20230413/b/boto3/1.9.98-1.9.99/diff.md --exclude *.pyd
[2023-04-13 00:00:52] INFO root fetch - processPackages [botocore]: executing diffoscope
[2023-04-13 00:00:52] INFO root fetch - processPackages [botocore]: podman run --user 0:0 --rm -w /home/abi/fetcher -v /home/abi/fetcher/tmp:/home/abi/fetcher/tmp:ro -v /home/abi/fetcher/20230413:/home/abi/fetcher/20230413:rw registry.salsa.debian.org/reproducible-builds/diffoscope --no-progress tmp/botocore-1.9.8.tar.gz tmp/botocore-1.9.9.tar.gz --markdown 20230413/b/botocore/1.9.8-1.9.9/diff.md --exclude *.pyd
[2023-04-13 00:00:52] INFO root fetch - processPackages [awscli]: executing diffoscope
[2023-04-13 00:00:52] INFO root fetch - processPackages [awscli]: podman run --user 0:0 --rm -w /home/abi/fetcher -v /home/abi/fetcher/tmp:/home/abi/fetcher/tmp:ro -v /home/abi/fetcher/20230413:/home/abi/fetcher/20230413:rw registry.salsa.debian.org/reproducible-builds/diffoscope --no-progress tmp/awscli-1.9.8.tar.gz tmp/awscli-1.9.9.tar.gz --markdown 20230413/a/awscli/1.9.8-1.9.9/diff.md --exclude *.pyd
[2023-04-13 00:00:52] INFO root fetch - processPackages [airbyte-cdk]: Downloading https://files.pythonhosted.org/packages/9f/96/b471868d256cf73e3745675013847705a79a47e5a529e1c026d6032228bb/airbyte-cdk-0.9.5.tar.gz
[2023-04-13 00:00:52] INFO root fetch - processPackages [airbyte-cdk]: executing diffoscope
[2023-04-13 00:00:52] INFO root fetch - processPackages [airbyte-cdk]: podman run --user 0:0 --rm -w /home/abi/fetcher -v /home/abi/fetcher/tmp:/home/abi/fetcher/tmp:ro -v /home/abi/fetcher/20230413:/home/abi/fetcher/20230413:rw registry.salsa.debian.org/reproducible-builds/diffoscope --no-progress tmp/airbyte-cdk-0.9.4.tar.gz tmp/airbyte-cdk-0.9.5.tar.gz --markdown 20230413/a/airbyte-cdk/0.9.4-0.9.5/diff.md --exclude *.pyd
[2023-04-13 00:00:52] INFO root fetch - processPackages [pytryfi]: Downloading https://files.pythonhosted.org/packages/0e/4d/9ec743c800a2cc2ef40b6fdc73cb78985ec3cdea029ca2f0c0327854c94e/pytryfi-0.0.9.tar.gz
[2023-04-13 00:00:53] INFO root fetch - processPackages [pytryfi]: executing diffoscope
[2023-04-13 00:00:53] INFO root fetch - processPackages [pytryfi]: podman run --user 0:0 --rm -w /home/abi/fetcher -v /home/abi/fetcher/tmp:/home/abi/fetcher/tmp:ro -v /home/abi/fetcher/20230413:/home/abi/fetcher/20230413:rw registry.salsa.debian.org/reproducible-builds/diffoscope --no-progress tmp/pytryfi-0.0.8-py3-none-any.whl.zip tmp/pytryfi-0.0.9.tar.gz --markdown 20230413/p/pytryfi/0.0.8-0.0.9/diff.md --exclude *.pyd
[2023-04-13 00:00:54] INFO root fetch - processPackages [pytryfi]: Start processing: databind
[2023-04-13 00:00:54] INFO root fetch - main [MainThread]: End processing [pytryfi]: success
[2023-04-13 00:00:54] INFO root fetch - processPackages [databind]: New version: [4.2.3] Old Version: [4.2.2]
[2023-04-13 00:00:54] INFO root fetch - processPackages [databind]: Downloading https://files.pythonhosted.org/packages/d1/39/7aaac2ccacd9bb29b1925864e169d343f66bca0a66f8c914ff7f4762eab6/databind-4.2.2.tar.gz
[2023-04-13 00:00:54] INFO root fetch - processPackages [boto3]: Start processing: databind.core
[2023-04-13 00:00:54] INFO root fetch - main [MainThread]: End processing [boto3]: success
[2023-04-13 00:00:54] INFO root fetch - processPackages [databind.core]: New version: [4.2.3] Old Version: [4.2.2]
[2023-04-13 00:00:54] INFO root fetch - processPackages [databind]: Downloading https://files.pythonhosted.org/packages/86/6f/0a4651f68e3cc064d974bedefc78c19fd1d3c6cb3f0fa5b246e6e6b3ae2d/databind-4.2.3.tar.gz
[2023-04-13 00:00:54] INFO root fetch - processPackages [databind.core]: Downloading https://files.pythonhosted.org/packages/79/53/0a2e1f919f2e008ac42332671cf361e80908a27ca701c4c33d98091d7bd8/databind.core-4.2.2.tar.gz
[2023-04-13 00:00:54] INFO root fetch - processPackages [databind]: executing diffoscope
[2023-04-13 00:00:54] INFO root fetch - processPackages [databind]: podman run --user 0:0 --rm -w /home/abi/fetcher -v /home/abi/fetcher/tmp:/home/abi/fetcher/tmp:ro -v /home/abi/fetcher/20230413:/home/abi/fetcher/20230413:rw registry.salsa.debian.org/reproducible-builds/diffoscope --no-progress tmp/databind-4.2.2.tar.gz tmp/databind-4.2.3.tar.gz --markdown 20230413/d/databind/4.2.2-4.2.3/diff.md --exclude *.pyd
[2023-04-13 00:00:55] INFO root fetch - processPackages [databind.core]: Downloading https://files.pythonhosted.org/packages/5c/84/2691fcb3b808685091126bdb5e794a650a7f441a62cf5f99cf5fc6a98f66/databind.core-4.2.3.tar.gz
[2023-04-13 00:00:55] INFO root fetch - processPackages [databind.core]: executing diffoscope
[2023-04-13 00:00:55] INFO root fetch - processPackages [databind.core]: podman run --user 0:0 --rm -w /home/abi/fetcher -v /home/abi/fetcher/tmp:/home/abi/fetcher/tmp:ro -v /home/abi/fetcher/20230413:/home/abi/fetcher/20230413:rw registry.salsa.debian.org/reproducible-builds/diffoscope --no-progress tmp/databind.core-4.2.2.tar.gz tmp/databind.core-4.2.3.tar.gz --markdown 20230413/d/databind.core/4.2.2-4.2.3/diff.md --exclude *.pyd
[2023-04-13 00:00:56] INFO root fetch - processPackages [databind]: Start processing: databind.json
[2023-04-13 00:00:56] INFO root fetch - main [MainThread]: End processing [databind]: success
[2023-04-13 00:00:56] INFO root fetch - processPackages [databind.json]: New version: [4.2.3] Old Version: [4.2.2]
[2023-04-13 00:00:56] INFO root fetch - processPackages [databind.json]: Downloading https://files.pythonhosted.org/packages/f5/c2/0ec95e103e968aa317e6a084b3fcfd6e19cfe6d25dd06358139626478186/databind.json-4.2.2.tar.gz
[2023-04-13 00:00:56] INFO root fetch - processPackages [databind.json]: Downloading https://files.pythonhosted.org/packages/d7/13/43b1c618afff6d1879825debdf0a6d5f6b1c6353da27447c7108d65fb2e1/databind.json-4.2.3.tar.gz
[2023-04-13 00:00:56] INFO root fetch - processPackages [databind.json]: executing diffoscope
[2023-04-13 00:00:56] INFO root fetch - processPackages [databind.json]: podman run --user 0:0 --rm -w /home/abi/fetcher -v /home/abi/fetcher/tmp:/home/abi/fetcher/tmp:ro -v /home/abi/fetcher/20230413:/home/abi/fetcher/20230413:rw registry.salsa.debian.org/reproducible-builds/diffoscope --no-progress tmp/databind.json-4.2.2.tar.gz tmp/databind.json-4.2.3.tar.gz --markdown 20230413/d/databind.json/4.2.2-4.2.3/diff.md --exclude *.pyd
[2023-04-13 00:00:56] INFO root fetch - processPackages [databind.core]: Start processing: pandas-stubs
[2023-04-13 00:00:56] INFO root fetch - main [MainThread]: End processing [databind.core]: success
[2023-04-13 00:00:56] INFO root fetch - processPackages [pandas-stubs]: New version: [2.0.0.230412] Old Version: [1.5.3.230321]
[2023-04-13 00:00:57] INFO root fetch - processPackages [pandas-stubs]: Downloading https://files.pythonhosted.org/packages/47/7f/107f9c4b07f21ac8660a7bc2029e1139699c2c1dff305634409095beae1c/pandas_stubs-1.5.3.230321.tar.gz
[2023-04-13 00:00:57] INFO root fetch - processPackages [airbyte-cdk]: Start processing: narcapi
[2023-04-13 00:00:57] INFO root fetch - main [MainThread]: End processing [airbyte-cdk]: success
[2023-04-13 00:00:57] INFO root fetch - processPackages [narcapi]: New version: [0.0.3] Old Version: [0.0.2]
[2023-04-13 00:00:57] INFO root fetch - processPackages [narcapi]: Downloading https://files.pythonhosted.org/packages/a2/a1/37bcb82c47aeb53dc1c17bfb8528ea149c13e614d55acc126692646a60f6/narcapi-0.0.3.tar.gz
[2023-04-13 00:00:57] INFO root fetch - processPackages [narcapi]: executing diffoscope
[2023-04-13 00:00:57] INFO root fetch - processPackages [narcapi]: podman run --user 0:0 --rm -w /home/abi/fetcher -v /home/abi/fetcher/tmp:/home/abi/fetcher/tmp:ro -v /home/abi/fetcher/20230413:/home/abi/fetcher/20230413:rw registry.salsa.debian.org/reproducible-builds/diffoscope --no-progress tmp/narcapi-0.0.2.tar.gz tmp/narcapi-0.0.3.tar.gz --markdown 20230413/n/narcapi/0.0.2-0.0.3/diff.md --exclude *.pyd
[2023-04-13 00:00:57] INFO root fetch - processPackages [pandas-stubs]: Downloading https://files.pythonhosted.org/packages/54/30/5363ddc8fbbcae954b9b774141ca8ea8ca1af183895da876cd1d8bd060c1/pandas_stubs-2.0.0.230412.tar.gz
[2023-04-13 00:00:57] INFO root fetch - processPackages [pandas-stubs]: executing diffoscope
[2023-04-13 00:00:57] INFO root fetch - processPackages [pandas-stubs]: podman run --user 0:0 --rm -w /home/abi/fetcher -v /home/abi/fetcher/tmp:/home/abi/fetcher/tmp:ro -v /home/abi/fetcher/20230413:/home/abi/fetcher/20230413:rw registry.salsa.debian.org/reproducible-builds/diffoscope --no-progress tmp/pandas_stubs-1.5.3.230321.tar.gz tmp/pandas_stubs-2.0.0.230412.tar.gz --markdown 20230413/p/pandas-stubs/1.5.3.230321-2.0.0.230412/diff.md --exclude *.pyd
[2023-04-13 00:00:58] INFO root fetch - processPackages [databind.json]: Start processing: openstates
[2023-04-13 00:00:58] INFO root fetch - main [MainThread]: End processing [databind.json]: success
[2023-04-13 00:00:58] INFO root fetch - processPackages [openstates]: New version: [6.9.2] Old Version: [6.9.1]
[2023-04-13 00:00:58] INFO root fetch - processPackages [openstates]: executing diffoscope
[2023-04-13 00:00:58] INFO root fetch - processPackages [openstates]: podman run --user 0:0 --rm -w /home/abi/fetcher -v /home/abi/fetcher/tmp:/home/abi/fetcher/tmp:ro -v /home/abi/fetcher/20230413:/home/abi/fetcher/20230413:rw registry.salsa.debian.org/reproducible-builds/diffoscope --no-progress tmp/openstates-6.9.1.tar.gz tmp/openstates-6.9.2.tar.gz --markdown 20230413/o/openstates/6.9.1-6.9.2/diff.md --exclude *.pyd
[2023-04-13 00:00:58] INFO root fetch - processPackages [narcapi]: Start processing: probability-calculator
[2023-04-13 00:00:58] INFO root fetch - main [MainThread]: End processing [narcapi]: success
[2023-04-13 00:00:58] INFO root fetch - processPackages [probability-calculator]: New version: [0.1.0] Old Version: [0.0.1]
[2023-04-13 00:00:58] INFO root fetch - processPackages [probability-calculator]: Downloading https://files.pythonhosted.org/packages/fc/6f/74cb9d869c37c80afe30a6bdad0c20eb1e42abe30b992546dc7bcab267e3/probability_calculator-0.0.1.tar.gz
[2023-04-13 00:00:59] INFO root fetch - processPackages [probability-calculator]: Downloading https://files.pythonhosted.org/packages/19/37/4dc720d0111b91906477fa8aa0bf2c6f0dba1a76d3e2ea659d6f303594f7/probability_calculator-0.1.0.tar.gz
[2023-04-13 00:00:59] INFO root fetch - processPackages [probability-calculator]: executing diffoscope
[2023-04-13 00:00:59] INFO root fetch - processPackages [probability-calculator]: podman run --user 0:0 --rm -w /home/abi/fetcher -v /home/abi/fetcher/tmp:/home/abi/fetcher/tmp:ro -v /home/abi/fetcher/20230413:/home/abi/fetcher/20230413:rw registry.salsa.debian.org/reproducible-builds/diffoscope --no-progress tmp/probability_calculator-0.0.1.tar.gz tmp/probability_calculator-0.1.0.tar.gz --markdown 20230413/p/probability-calculator/0.0.1-0.1.0/diff.md --exclude *.pyd
[2023-04-13 00:01:00] INFO root fetch - processPackages [probability-calculator]: Start processing: marvin
[2023-04-13 00:01:00] INFO root fetch - main [MainThread]: End processing [probability-calculator]: success
[2023-04-13 00:01:00] INFO root fetch - processPackages [marvin]: New version: [0.7.5] Old Version: [0.7.4]
[2023-04-13 00:01:00] INFO root fetch - processPackages [marvin]: Downloading https://files.pythonhosted.org/packages/2d/3c/333144848cffd2e75b0acbb4ae7aecef7e541bbd8b1c27428255f9572740/marvin-0.7.4.tar.gz
[2023-04-13 00:01:00] WARNING root fetch - processPackages [marvin]: Skipping package: exceeds size limit 15850408>=10485760
[2023-04-13 00:01:00] INFO root fetch - processPackages [marvin]: Start processing: nudecrawler
[2023-04-13 00:01:00] INFO root fetch - main [MainThread]: End processing [marvin] error
[2023-04-13 00:01:00] INFO root fetch - processPackages [nudecrawler]: New version: [0.3.9] Old Version: [0.3.8]
[2023-04-13 00:01:01] INFO root fetch - processPackages [nudecrawler]: executing diffoscope
[2023-04-13 00:01:01] INFO root fetch - processPackages [nudecrawler]: podman run --user 0:0 --rm -w /home/abi/fetcher -v /home/abi/fetcher/tmp:/home/abi/fetcher/tmp:ro -v /home/abi/fetcher/20230413:/home/abi/fetcher/20230413:rw registry.salsa.debian.org/reproducible-builds/diffoscope --no-progress tmp/nudecrawler-0.3.8.tar.gz tmp/nudecrawler-0.3.9.tar.gz --markdown 20230413/n/nudecrawler/0.3.8-0.3.9/diff.md --exclude *.pyd
[2023-04-13 00:01:02] INFO root fetch - processPackages [openstates]: Start processing: aTemUsON
[2023-04-13 00:01:02] INFO root fetch - main [MainThread]: End processing [openstates]: success
[2023-04-13 00:01:02] INFO root fetch - processPackages [aTemUsON]: New version: [1.1] Old Version: [1.0]
[2023-04-13 00:01:02] INFO root fetch - processPackages [aTemUsON]: Downloading https://files.pythonhosted.org/packages/7a/a0/c97196879e52c5e93dd13ddcd9308da7dbfbab4cbc23defed96dd6b59ba9/aTemUsON-1.0.tar.gz
[2023-04-13 00:01:02] INFO root fetch - processPackages [pandas-stubs]: Start processing: slg-dev-ops
[2023-04-13 00:01:02] INFO root fetch - main [MainThread]: End processing [pandas-stubs]: success
[2023-04-13 00:01:02] INFO root fetch - processPackages [slg-dev-ops]: New version: [1.9.0] Old Version: [1.8.0]
[2023-04-13 00:01:02] INFO root fetch - main [MainThread]: End processing [nudecrawler]: success
[2023-04-13 00:01:02] INFO root fetch - processPackages [slg-dev-ops]: executing diffoscope
[2023-04-13 00:01:02] INFO root fetch - processPackages [slg-dev-ops]: podman run --user 0:0 --rm -w /home/abi/fetcher -v /home/abi/fetcher/tmp:/home/abi/fetcher/tmp:ro -v /home/abi/fetcher/20230413:/home/abi/fetcher/20230413:rw registry.salsa.debian.org/reproducible-builds/diffoscope --no-progress tmp/slg-dev-ops-1.8.0.tar.gz tmp/slg-dev-ops-1.9.0.tar.gz --markdown 20230413/s/slg-dev-ops/1.8.0-1.9.0/diff.md --exclude *.pyd
[2023-04-13 00:01:02] INFO root fetch - processPackages [aTemUsON]: Downloading https://files.pythonhosted.org/packages/57/c3/c3f0f499a7cbe77cf9cf498edb7e699a956b89889eb12eb7ffc2458d44a8/aTemUsON-1.1.tar.gz
[2023-04-13 00:01:02] INFO root fetch - processPackages [aTemUsON]: executing diffoscope
[2023-04-13 00:01:02] INFO root fetch - processPackages [aTemUsON]: podman run --user 0:0 --rm -w /home/abi/fetcher -v /home/abi/fetcher/tmp:/home/abi/fetcher/tmp:ro -v /home/abi/fetcher/20230413:/home/abi/fetcher/20230413:rw registry.salsa.debian.org/reproducible-builds/diffoscope --no-progress tmp/aTemUsON-1.0.tar.gz tmp/aTemUsON-1.1.tar.gz --markdown 20230413/a/aTemUsON/1.0-1.1/diff.md --exclude *.pyd
[2023-04-13 00:01:04] INFO root fetch - main [MainThread]: End processing [slg-dev-ops]: success
[2023-04-13 00:01:04] INFO root fetch - main [MainThread]: End processing [aTemUsON]: success
[2023-04-13 00:01:10] INFO root fetch - main [MainThread]: End processing [awscli]: success
[2023-04-13 00:01:23] INFO root fetch - main [MainThread]: End processing [botocore]: success
[2023-04-13 00:01:23] INFO root fetch - main [MainThread]: Store serial: [17682501]
